Determining if the pthread_create exist failed with the following output:
Change Dir: /home/piotr/CombinedNumber/build/CMakeFiles/CMakeTmp

Run Build Command:"/usr/bin/make" "cmTC_7e056/fast"
/usr/bin/make -f CMakeFiles/cmTC_7e056.dir/build.make CMakeFiles/cmTC_7e056.dir/build
make[1]: Wejście do katalogu '/home/piotr/CombinedNumber/build/CMakeFiles/CMakeTmp'
Building C object CMakeFiles/cmTC_7e056.dir/CheckSymbolExists.c.o
/usr/bin/cc    -o CMakeFiles/cmTC_7e056.dir/CheckSymbolExists.c.o   -c /home/piotr/CombinedNumber/build/CMakeFiles/CMakeTmp/CheckSymbolExists.c
Linking C executable cmTC_7e056
/usr/bin/cmake -E cmake_link_script CMakeFiles/cmTC_7e056.dir/link.txt --verbose=1
/usr/bin/cc      -rdynamic CMakeFiles/cmTC_7e056.dir/CheckSymbolExists.c.o  -o cmTC_7e056 
CMakeFiles/cmTC_7e056.dir/CheckSymbolExists.c.o: In function `main':
CheckSymbolExists.c:(.text+0x1b): undefined reference to `pthread_create'
collect2: error: ld returned 1 exit status
CMakeFiles/cmTC_7e056.dir/build.make:97: recipe for target 'cmTC_7e056' failed
make[1]: *** [cmTC_7e056] Error 1
make[1]: Opuszczenie katalogu '/home/piotr/CombinedNumber/build/CMakeFiles/CMakeTmp'
Makefile:126: recipe for target 'cmTC_7e056/fast' failed
make: *** [cmTC_7e056/fast] Error 2

File /home/piotr/CombinedNumber/build/CMakeFiles/CMakeTmp/CheckSymbolExists.c:
/* */
#include <pthread.h>

int main(int argc, char** argv)
{
  (void)argv;
#ifndef pthread_create
  return ((int*)(&pthread_create))[argc];
#else
  (void)argc;
  return 0;
#endif
}

